<?xml version="1.0" encoding="UTF-8"?>
<testng-results ignored="0" total="1" passed="1" failed="0" skipped="0">
  <reporter-output>
  </reporter-output>
  <suite started-at="2025-09-15T11:11:48 PDT" name="Suite" finished-at="2025-09-15T11:11:59 PDT" duration-ms="10733">
    <groups>
    </groups>
    <test started-at="2025-09-15T11:11:48 PDT" name="Test" finished-at="2025-09-15T11:11:59 PDT" duration-ms="10733">
      <class name="testcases.Productserach">
        <test-method is-config="true" signature="setup()[pri:0, instance:testcases.Productserach@22555ebf]" started-at="2025-09-15T11:11:48 PDT" name="setup" finished-at="2025-09-15T11:11:53 PDT" duration-ms="4611" status="PASS">
          <reporter-output>
          </reporter-output>
        </test-method> <!-- setup -->
        <test-method signature="registertests()[pri:0, instance:testcases.Productserach@22555ebf]" started-at="2025-09-15T11:11:53 PDT" name="registertests" finished-at="2025-09-15T11:11:58 PDT" duration-ms="5812" status="PASS">
          <reporter-output>
          </reporter-output>
        </test-method> <!-- registertests -->
        <test-method is-config="true" signature="Teardown()[pri:0, instance:testcases.Productserach@22555ebf]" started-at="2025-09-15T11:11:58 PDT" name="Teardown" finished-at="2025-09-15T11:11:59 PDT" duration-ms="253" status="PASS">
          <reporter-output>
          </reporter-output>
        </test-method> <!-- Teardown -->
      </class> <!-- testcases.Productserach -->
    </test> <!-- Test -->
  </suite> <!-- Suite -->
</testng-results>
