<?xml version="1.0" encoding="UTF-8"?>
<testng-results ignored="0" total="1" passed="1" failed="0" skipped="0">
  <reporter-output>
  </reporter-output>
  <suite started-at="2025-09-15T11:55:05 PDT" name="Default suite" finished-at="2025-09-15T11:55:17 PDT" duration-ms="12100">
    <groups>
    </groups>
    <test started-at="2025-09-15T11:55:05 PDT" name="Default test" finished-at="2025-09-15T11:55:17 PDT" duration-ms="12100">
      <class name="testcases.Productserach">
        <test-method is-config="true" signature="setup()[pri:0, instance:testcases.Productserach@43bc63a3]" started-at="2025-09-15T11:55:05 PDT" name="setup" finished-at="2025-09-15T11:55:11 PDT" duration-ms="5383" status="PASS">
          <reporter-output>
          </reporter-output>
        </test-method> <!-- setup -->
        <test-method signature="registertests()[pri:0, instance:testcases.Productserach@43bc63a3]" started-at="2025-09-15T11:55:11 PDT" name="registertests" finished-at="2025-09-15T11:55:17 PDT" duration-ms="6350" status="PASS">
          <reporter-output>
          </reporter-output>
        </test-method> <!-- registertests -->
        <test-method is-config="true" signature="Teardown()[pri:0, instance:testcases.Productserach@43bc63a3]" started-at="2025-09-15T11:55:17 PDT" name="Teardown" finished-at="2025-09-15T11:55:17 PDT" duration-ms="310" status="PASS">
          <reporter-output>
          </reporter-output>
        </test-method> <!-- Teardown -->
        <test-method is-config="true" signature="openReport()[pri:0, instance:testcases.Productserach@43bc63a3]" started-at="2025-09-15T11:55:17 PDT" name="openReport" finished-at="2025-09-15T11:55:18 PDT" duration-ms="836" status="PASS">
          <reporter-output>
          </reporter-output>
        </test-method> <!-- openReport -->
      </class> <!-- testcases.Productserach -->
    </test> <!-- Default test -->
  </suite> <!-- Default suite -->
</testng-results>
